{"C:\\JavaScript\\bootcamp2020\\appgobarber-final\\src\\components\\Button\\index.tsx": {"path":"C:\\JavaScript\\bootcamp2020\\appgobarber-final\\src\\components\\Button\\index.tsx","statementMap":{"0":{"start":{"line":10,"column":38},"end":{"line":14,"column":1}},"1":{"start":{"line":11,"column":2},"end":{"line":13,"column":14}}},"fnMap":{"0":{"name":"(anonymous_0)","decl":{"start":{"line":10,"column":38},"end":{"line":10,"column":39}},"loc":{"start":{"line":11,"column":2},"end":{"line":13,"column":14}},"line":11}},"branchMap":{},"s":{"0":1,"1":1},"f":{"0":1},"b":{},"_coverageSchema":"1a1c01bbd47fc00a2c39e90264f33305004495a9","hash":"da172162f315351117745094163407be5ab3d976"}
,"C:\\JavaScript\\bootcamp2020\\appgobarber-final\\src\\components\\Input\\index.tsx": {"path":"C:\\JavaScript\\bootcamp2020\\appgobarber-final\\src\\components\\Input\\index.tsx","statementMap":{"0":{"start":{"line":28,"column":68},"end":{"line":94,"column":1}},"1":{"start":{"line":32,"column":26},"end":{"line":32,"column":43}},"2":{"start":{"line":34,"column":65},"end":{"line":34,"column":79}},"3":{"start":{"line":35,"column":24},"end":{"line":35,"column":76}},"4":{"start":{"line":37,"column":36},"end":{"line":37,"column":51}},"5":{"start":{"line":38,"column":34},"end":{"line":38,"column":49}},"6":{"start":{"line":40,"column":27},"end":{"line":42,"column":8}},"7":{"start":{"line":41,"column":4},"end":{"line":41,"column":23}},"8":{"start":{"line":44,"column":26},"end":{"line":48,"column":8}},"9":{"start":{"line":45,"column":4},"end":{"line":45,"column":24}},"10":{"start":{"line":47,"column":4},"end":{"line":47,"column":47}},"11":{"start":{"line":50,"column":2},"end":{"line":54,"column":6}},"12":{"start":{"line":50,"column":34},"end":{"line":54,"column":3}},"13":{"start":{"line":52,"column":6},"end":{"line":52,"column":38}},"14":{"start":{"line":56,"column":2},"end":{"line":70,"column":33}},"15":{"start":{"line":57,"column":4},"end":{"line":69,"column":7}},"16":{"start":{"line":62,"column":8},"end":{"line":62,"column":44}},"17":{"start":{"line":63,"column":8},"end":{"line":63,"column":64}},"18":{"start":{"line":66,"column":8},"end":{"line":66,"column":41}},"19":{"start":{"line":67,"column":8},"end":{"line":67,"column":40}},"20":{"start":{"line":72,"column":2},"end":{"line":93,"column":4}},"21":{"start":{"line":88,"column":10},"end":{"line":88,"column":46}}},"fnMap":{"0":{"name":"(anonymous_0)","decl":{"start":{"line":28,"column":68},"end":{"line":28,"column":69}},"loc":{"start":{"line":31,"column":5},"end":{"line":94,"column":1}},"line":31},"1":{"name":"(anonymous_1)","decl":{"start":{"line":40,"column":39},"end":{"line":40,"column":40}},"loc":{"start":{"line":40,"column":45},"end":{"line":42,"column":3}},"line":40},"2":{"name":"(anonymous_2)","decl":{"start":{"line":44,"column":38},"end":{"line":44,"column":39}},"loc":{"start":{"line":44,"column":44},"end":{"line":48,"column":3}},"line":44},"3":{"name":"(anonymous_3)","decl":{"start":{"line":50,"column":27},"end":{"line":50,"column":28}},"loc":{"start":{"line":50,"column":34},"end":{"line":54,"column":3}},"line":50},"4":{"name":"(anonymous_4)","decl":{"start":{"line":51,"column":4},"end":{"line":51,"column":5}},"loc":{"start":{"line":51,"column":12},"end":{"line":53,"column":5}},"line":51},"5":{"name":"(anonymous_5)","decl":{"start":{"line":56,"column":12},"end":{"line":56,"column":13}},"loc":{"start":{"line":56,"column":18},"end":{"line":70,"column":3}},"line":56},"6":{"name":"(anonymous_6)","decl":{"start":{"line":61,"column":6},"end":{"line":61,"column":7}},"loc":{"start":{"line":61,"column":32},"end":{"line":64,"column":7}},"line":61},"7":{"name":"(anonymous_7)","decl":{"start":{"line":65,"column":6},"end":{"line":65,"column":7}},"loc":{"start":{"line":65,"column":19},"end":{"line":68,"column":7}},"line":65},"8":{"name":"(anonymous_8)","decl":{"start":{"line":87,"column":22},"end":{"line":87,"column":23}},"loc":{"start":{"line":87,"column":31},"end":{"line":89,"column":9}},"line":87}},"branchMap":{"0":{"loc":{"start":{"line":29,"column":16},"end":{"line":29,"column":35}},"type":"default-arg","locations":[{"start":{"line":29,"column":33},"end":{"line":29,"column":35}}],"line":29},"1":{"loc":{"start":{"line":34,"column":25},"end":{"line":34,"column":42}},"type":"default-arg","locations":[{"start":{"line":34,"column":40},"end":{"line":34,"column":42}}],"line":34},"2":{"loc":{"start":{"line":77,"column":15},"end":{"line":77,"column":60}},"type":"cond-expr","locations":[{"start":{"line":77,"column":39},"end":{"line":77,"column":48}},{"start":{"line":77,"column":51},"end":{"line":77,"column":60}}],"line":77},"3":{"loc":{"start":{"line":77,"column":15},"end":{"line":77,"column":36}},"type":"binary-expr","locations":[{"start":{"line":77,"column":15},"end":{"line":77,"column":24}},{"start":{"line":77,"column":28},"end":{"line":77,"column":36}}],"line":77}},"s":{"0":1,"1":2,"2":2,"3":2,"4":2,"5":2,"6":2,"7":0,"8":2,"9":0,"10":0,"11":2,"12":1,"13":0,"14":2,"15":2,"16":0,"17":0,"18":0,"19":0,"20":2,"21":0},"f":{"0":2,"1":0,"2":0,"3":1,"4":0,"5":2,"6":0,"7":0,"8":0},"b":{"0":[2],"1":[2],"2":[0,2],"3":[2,2]},"_coverageSchema":"1a1c01bbd47fc00a2c39e90264f33305004495a9","hash":"5030dca23a8ece218fc8c53a86d6714e96a3d784"}
,"C:\\JavaScript\\bootcamp2020\\appgobarber-final\\src\\hooks\\auth.tsx": {"path":"C:\\JavaScript\\bootcamp2020\\appgobarber-final\\src\\hooks\\auth.tsx","statementMap":{"0":{"start":{"line":37,"column":20},"end":{"line":37,"column":73}},"1":{"start":{"line":39,"column":38},"end":{"line":104,"column":1}},"2":{"start":{"line":40,"column":26},"end":{"line":40,"column":62}},"3":{"start":{"line":41,"column":32},"end":{"line":41,"column":46}},"4":{"start":{"line":43,"column":2},"end":{"line":59,"column":9}},"5":{"start":{"line":45,"column":28},"end":{"line":48,"column":8}},"6":{"start":{"line":50,"column":6},"end":{"line":54,"column":7}},"7":{"start":{"line":51,"column":8},"end":{"line":51,"column":66}},"8":{"start":{"line":53,"column":8},"end":{"line":53,"column":64}},"9":{"start":{"line":55,"column":6},"end":{"line":55,"column":24}},"10":{"start":{"line":58,"column":4},"end":{"line":58,"column":22}},"11":{"start":{"line":61,"column":17},"end":{"line":77,"column":8}},"12":{"start":{"line":62,"column":21},"end":{"line":65,"column":6}},"13":{"start":{"line":67,"column":28},"end":{"line":67,"column":41}},"14":{"start":{"line":69,"column":4},"end":{"line":72,"column":7}},"15":{"start":{"line":74,"column":4},"end":{"line":74,"column":59}},"16":{"start":{"line":76,"column":4},"end":{"line":76,"column":29}},"17":{"start":{"line":79,"column":18},"end":{"line":83,"column":8}},"18":{"start":{"line":80,"column":4},"end":{"line":80,"column":74}},"19":{"start":{"line":82,"column":4},"end":{"line":82,"column":29}},"20":{"start":{"line":85,"column":21},"end":{"line":95,"column":3}},"21":{"start":{"line":87,"column":6},"end":{"line":87,"column":73}},"22":{"start":{"line":89,"column":6},"end":{"line":92,"column":9}},"23":{"start":{"line":97,"column":2},"end":{"line":103,"column":4}},"24":{"start":{"line":107,"column":18},"end":{"line":107,"column":41}},"25":{"start":{"line":109,"column":2},"end":{"line":111,"column":3}},"26":{"start":{"line":110,"column":4},"end":{"line":110,"column":67}},"27":{"start":{"line":113,"column":2},"end":{"line":113,"column":17}}},"fnMap":{"0":{"name":"(anonymous_0)","decl":{"start":{"line":39,"column":38},"end":{"line":39,"column":39}},"loc":{"start":{"line":39,"column":56},"end":{"line":104,"column":1}},"line":39},"1":{"name":"(anonymous_1)","decl":{"start":{"line":43,"column":12},"end":{"line":43,"column":13}},"loc":{"start":{"line":43,"column":18},"end":{"line":59,"column":3}},"line":43},"2":{"name":"loadStorageData","decl":{"start":{"line":44,"column":19},"end":{"line":44,"column":34}},"loc":{"start":{"line":44,"column":52},"end":{"line":56,"column":5}},"line":44},"3":{"name":"(anonymous_3)","decl":{"start":{"line":61,"column":29},"end":{"line":61,"column":30}},"loc":{"start":{"line":61,"column":60},"end":{"line":77,"column":3}},"line":61},"4":{"name":"(anonymous_4)","decl":{"start":{"line":79,"column":30},"end":{"line":79,"column":31}},"loc":{"start":{"line":79,"column":42},"end":{"line":83,"column":3}},"line":79},"5":{"name":"(anonymous_5)","decl":{"start":{"line":86,"column":4},"end":{"line":86,"column":5}},"loc":{"start":{"line":86,"column":26},"end":{"line":93,"column":5}},"line":86},"6":{"name":"useAuth","decl":{"start":{"line":106,"column":16},"end":{"line":106,"column":23}},"loc":{"start":{"line":106,"column":43},"end":{"line":114,"column":1}},"line":106}},"branchMap":{"0":{"loc":{"start":{"line":50,"column":6},"end":{"line":54,"column":7}},"type":"if","locations":[{"start":{"line":50,"column":6},"end":{"line":54,"column":7}},{"start":{"line":50,"column":6},"end":{"line":54,"column":7}}],"line":50},"1":{"loc":{"start":{"line":50,"column":10},"end":{"line":50,"column":29}},"type":"binary-expr","locations":[{"start":{"line":50,"column":10},"end":{"line":50,"column":18}},{"start":{"line":50,"column":22},"end":{"line":50,"column":29}}],"line":50},"2":{"loc":{"start":{"line":109,"column":2},"end":{"line":111,"column":3}},"type":"if","locations":[{"start":{"line":109,"column":2},"end":{"line":111,"column":3}},{"start":{"line":109,"column":2},"end":{"line":111,"column":3}}],"line":109}},"s":{"0":1,"1":1,"2":0,"3":0,"4":0,"5":0,"6":0,"7":0,"8":0,"9":0,"10":0,"11":0,"12":0,"13":0,"14":0,"15":0,"16":0,"17":0,"18":0,"19":0,"20":0,"21":0,"22":0,"23":0,"24":1,"25":1,"26":0,"27":1},"f":{"0":0,"1":0,"2":0,"3":0,"4":0,"5":0,"6":1},"b":{"0":[0,0],"1":[0,0],"2":[0,1]},"_coverageSchema":"1a1c01bbd47fc00a2c39e90264f33305004495a9","hash":"59c82a28380158c1ce3ec4b854757a00123cab3d"}
,"C:\\JavaScript\\bootcamp2020\\appgobarber-final\\src\\pages\\AppointmentCreated\\index.tsx": {"path":"C:\\JavaScript\\bootcamp2020\\appgobarber-final\\src\\pages\\AppointmentCreated\\index.tsx","statementMap":{"0":{"start":{"line":20,"column":37},"end":{"line":55,"column":1}},"1":{"start":{"line":21,"column":20},"end":{"line":21,"column":35}},"2":{"start":{"line":22,"column":21},"end":{"line":22,"column":31}},"3":{"start":{"line":24,"column":22},"end":{"line":24,"column":43}},"4":{"start":{"line":26,"column":26},"end":{"line":31,"column":13}},"5":{"start":{"line":27,"column":4},"end":{"line":30,"column":7}},"6":{"start":{"line":33,"column":24},"end":{"line":41,"column":24}},"7":{"start":{"line":34,"column":4},"end":{"line":40,"column":6}},"8":{"start":{"line":43,"column":2},"end":{"line":54,"column":4}}},"fnMap":{"0":{"name":"(anonymous_0)","decl":{"start":{"line":20,"column":37},"end":{"line":20,"column":38}},"loc":{"start":{"line":20,"column":43},"end":{"line":55,"column":1}},"line":20},"1":{"name":"(anonymous_1)","decl":{"start":{"line":26,"column":38},"end":{"line":26,"column":39}},"loc":{"start":{"line":26,"column":44},"end":{"line":31,"column":3}},"line":26},"2":{"name":"(anonymous_2)","decl":{"start":{"line":33,"column":32},"end":{"line":33,"column":33}},"loc":{"start":{"line":33,"column":38},"end":{"line":41,"column":3}},"line":33}},"branchMap":{},"s":{"0":0,"1":0,"2":0,"3":0,"4":0,"5":0,"6":0,"7":0,"8":0},"f":{"0":0,"1":0,"2":0},"b":{}}
,"C:\\JavaScript\\bootcamp2020\\appgobarber-final\\src\\pages\\CreateAppointment\\index.tsx": {"path":"C:\\JavaScript\\bootcamp2020\\appgobarber-final\\src\\pages\\CreateAppointment\\index.tsx","statementMap":{"0":{"start":{"line":52,"column":36},"end":{"line":278,"column":1}},"1":{"start":{"line":53,"column":19},"end":{"line":53,"column":28}},"2":{"start":{"line":54,"column":16},"end":{"line":54,"column":26}},"3":{"start":{"line":55,"column":22},"end":{"line":55,"column":49}},"4":{"start":{"line":56,"column":31},"end":{"line":56,"column":46}},"5":{"start":{"line":58,"column":42},"end":{"line":58,"column":74}},"6":{"start":{"line":59,"column":42},"end":{"line":59,"column":62}},"7":{"start":{"line":60,"column":42},"end":{"line":60,"column":53}},"8":{"start":{"line":61,"column":46},"end":{"line":61,"column":61}},"9":{"start":{"line":62,"column":36},"end":{"line":62,"column":60}},"10":{"start":{"line":63,"column":50},"end":{"line":65,"column":3}},"11":{"start":{"line":67,"column":2},"end":{"line":71,"column":9}},"12":{"start":{"line":68,"column":4},"end":{"line":70,"column":7}},"13":{"start":{"line":69,"column":6},"end":{"line":69,"column":34}},"14":{"start":{"line":73,"column":2},"end":{"line":85,"column":39}},"15":{"start":{"line":74,"column":4},"end":{"line":84,"column":9}},"16":{"start":{"line":83,"column":8},"end":{"line":83,"column":39}},"17":{"start":{"line":87,"column":23},"end":{"line":89,"column":14}},"18":{"start":{"line":88,"column":4},"end":{"line":88,"column":13}},"19":{"start":{"line":91,"column":31},"end":{"line":93,"column":8}},"20":{"start":{"line":92,"column":4},"end":{"line":92,"column":36}},"21":{"start":{"line":95,"column":33},"end":{"line":97,"column":8}},"22":{"start":{"line":96,"column":4},"end":{"line":96,"column":39}},"23":{"start":{"line":96,"column":31},"end":{"line":96,"column":37}},"24":{"start":{"line":99,"column":28},"end":{"line":110,"column":3}},"25":{"start":{"line":101,"column":6},"end":{"line":103,"column":7}},"26":{"start":{"line":102,"column":8},"end":{"line":102,"column":33}},"27":{"start":{"line":105,"column":6},"end":{"line":107,"column":7}},"28":{"start":{"line":106,"column":8},"end":{"line":106,"column":30}},"29":{"start":{"line":112,"column":27},"end":{"line":114,"column":8}},"30":{"start":{"line":113,"column":4},"end":{"line":113,"column":26}},"31":{"start":{"line":116,"column":34},"end":{"line":135,"column":62}},"32":{"start":{"line":117,"column":4},"end":{"line":134,"column":5}},"33":{"start":{"line":118,"column":19},"end":{"line":118,"column":41}},"34":{"start":{"line":120,"column":6},"end":{"line":120,"column":34}},"35":{"start":{"line":121,"column":6},"end":{"line":121,"column":25}},"36":{"start":{"line":123,"column":6},"end":{"line":126,"column":9}},"37":{"start":{"line":128,"column":6},"end":{"line":128,"column":63}},"38":{"start":{"line":130,"column":6},"end":{"line":133,"column":8}},"39":{"start":{"line":137,"column":30},"end":{"line":147,"column":20}},"40":{"start":{"line":138,"column":4},"end":{"line":146,"column":9}},"41":{"start":{"line":139,"column":28},"end":{"line":139,"column":37}},"42":{"start":{"line":141,"column":8},"end":{"line":145,"column":10}},"43":{"start":{"line":149,"column":32},"end":{"line":159,"column":20}},"44":{"start":{"line":150,"column":4},"end":{"line":158,"column":9}},"45":{"start":{"line":151,"column":28},"end":{"line":151,"column":38}},"46":{"start":{"line":153,"column":8},"end":{"line":157,"column":10}},"47":{"start":{"line":161,"column":2},"end":{"line":277,"column":4}},"48":{"start":{"line":185,"column":38},"end":{"line":185,"column":49}},"49":{"start":{"line":187,"column":14},"end":{"line":201,"column":34}},"50":{"start":{"line":188,"column":31},"end":{"line":188,"column":64}},"51":{"start":{"line":234,"column":16},"end":{"line":244,"column":23}},"52":{"start":{"line":239,"column":33},"end":{"line":239,"column":55}},"53":{"start":{"line":255,"column":18},"end":{"line":265,"column":25}},"54":{"start":{"line":260,"column":35},"end":{"line":260,"column":57}}},"fnMap":{"0":{"name":"(anonymous_0)","decl":{"start":{"line":52,"column":36},"end":{"line":52,"column":37}},"loc":{"start":{"line":52,"column":42},"end":{"line":278,"column":1}},"line":52},"1":{"name":"(anonymous_1)","decl":{"start":{"line":67,"column":12},"end":{"line":67,"column":13}},"loc":{"start":{"line":67,"column":18},"end":{"line":71,"column":3}},"line":67},"2":{"name":"(anonymous_2)","decl":{"start":{"line":68,"column":30},"end":{"line":68,"column":31}},"loc":{"start":{"line":68,"column":42},"end":{"line":70,"column":5}},"line":68},"3":{"name":"(anonymous_3)","decl":{"start":{"line":73,"column":12},"end":{"line":73,"column":13}},"loc":{"start":{"line":73,"column":18},"end":{"line":85,"column":3}},"line":73},"4":{"name":"(anonymous_4)","decl":{"start":{"line":82,"column":12},"end":{"line":82,"column":13}},"loc":{"start":{"line":82,"column":24},"end":{"line":84,"column":7}},"line":82},"5":{"name":"(anonymous_5)","decl":{"start":{"line":87,"column":35},"end":{"line":87,"column":36}},"loc":{"start":{"line":87,"column":41},"end":{"line":89,"column":3}},"line":87},"6":{"name":"(anonymous_6)","decl":{"start":{"line":91,"column":43},"end":{"line":91,"column":44}},"loc":{"start":{"line":91,"column":67},"end":{"line":93,"column":3}},"line":91},"7":{"name":"(anonymous_7)","decl":{"start":{"line":95,"column":45},"end":{"line":95,"column":46}},"loc":{"start":{"line":95,"column":51},"end":{"line":97,"column":3}},"line":95},"8":{"name":"(anonymous_8)","decl":{"start":{"line":96,"column":22},"end":{"line":96,"column":23}},"loc":{"start":{"line":96,"column":31},"end":{"line":96,"column":37}},"line":96},"9":{"name":"(anonymous_9)","decl":{"start":{"line":100,"column":4},"end":{"line":100,"column":5}},"loc":{"start":{"line":100,"column":44},"end":{"line":108,"column":5}},"line":100},"10":{"name":"(anonymous_10)","decl":{"start":{"line":112,"column":39},"end":{"line":112,"column":40}},"loc":{"start":{"line":112,"column":57},"end":{"line":114,"column":3}},"line":112},"11":{"name":"(anonymous_11)","decl":{"start":{"line":116,"column":46},"end":{"line":116,"column":47}},"loc":{"start":{"line":116,"column":58},"end":{"line":135,"column":3}},"line":116},"12":{"name":"(anonymous_12)","decl":{"start":{"line":137,"column":38},"end":{"line":137,"column":39}},"loc":{"start":{"line":137,"column":44},"end":{"line":147,"column":3}},"line":137},"13":{"name":"(anonymous_13)","decl":{"start":{"line":139,"column":14},"end":{"line":139,"column":15}},"loc":{"start":{"line":139,"column":28},"end":{"line":139,"column":37}},"line":139},"14":{"name":"(anonymous_14)","decl":{"start":{"line":140,"column":11},"end":{"line":140,"column":12}},"loc":{"start":{"line":140,"column":36},"end":{"line":146,"column":7}},"line":140},"15":{"name":"(anonymous_15)","decl":{"start":{"line":149,"column":40},"end":{"line":149,"column":41}},"loc":{"start":{"line":149,"column":46},"end":{"line":159,"column":3}},"line":149},"16":{"name":"(anonymous_16)","decl":{"start":{"line":151,"column":14},"end":{"line":151,"column":15}},"loc":{"start":{"line":151,"column":28},"end":{"line":151,"column":38}},"line":151},"17":{"name":"(anonymous_17)","decl":{"start":{"line":152,"column":11},"end":{"line":152,"column":12}},"loc":{"start":{"line":152,"column":36},"end":{"line":158,"column":7}},"line":152},"18":{"name":"(anonymous_18)","decl":{"start":{"line":185,"column":26},"end":{"line":185,"column":27}},"loc":{"start":{"line":185,"column":38},"end":{"line":185,"column":49}},"line":185},"19":{"name":"(anonymous_19)","decl":{"start":{"line":186,"column":24},"end":{"line":186,"column":25}},"loc":{"start":{"line":187,"column":14},"end":{"line":201,"column":34}},"line":187},"20":{"name":"(anonymous_20)","decl":{"start":{"line":188,"column":25},"end":{"line":188,"column":26}},"loc":{"start":{"line":188,"column":31},"end":{"line":188,"column":64}},"line":188},"21":{"name":"(anonymous_21)","decl":{"start":{"line":233,"column":39},"end":{"line":233,"column":40}},"loc":{"start":{"line":234,"column":16},"end":{"line":244,"column":23}},"line":234},"22":{"name":"(anonymous_22)","decl":{"start":{"line":239,"column":27},"end":{"line":239,"column":28}},"loc":{"start":{"line":239,"column":33},"end":{"line":239,"column":55}},"line":239},"23":{"name":"(anonymous_23)","decl":{"start":{"line":254,"column":16},"end":{"line":254,"column":17}},"loc":{"start":{"line":255,"column":18},"end":{"line":265,"column":25}},"line":255},"24":{"name":"(anonymous_24)","decl":{"start":{"line":260,"column":29},"end":{"line":260,"column":30}},"loc":{"start":{"line":260,"column":35},"end":{"line":260,"column":57}},"line":260}},"branchMap":{"0":{"loc":{"start":{"line":101,"column":6},"end":{"line":103,"column":7}},"type":"if","locations":[{"start":{"line":101,"column":6},"end":{"line":103,"column":7}},{"start":{"line":101,"column":6},"end":{"line":103,"column":7}}],"line":101},"1":{"loc":{"start":{"line":105,"column":6},"end":{"line":107,"column":7}},"type":"if","locations":[{"start":{"line":105,"column":6},"end":{"line":107,"column":7}},{"start":{"line":105,"column":6},"end":{"line":107,"column":7}}],"line":105},"2":{"loc":{"start":{"line":173,"column":14},"end":{"line":174,"column":69}},"type":"binary-expr","locations":[{"start":{"line":173,"column":14},"end":{"line":173,"column":29}},{"start":{"line":174,"column":14},"end":{"line":174,"column":69}}],"line":173},"3":{"loc":{"start":{"line":194,"column":22},"end":{"line":195,"column":77}},"type":"binary-expr","locations":[{"start":{"line":194,"column":22},"end":{"line":194,"column":41}},{"start":{"line":195,"column":22},"end":{"line":195,"column":77}}],"line":194},"4":{"loc":{"start":{"line":215,"column":11},"end":{"line":223,"column":11}},"type":"binary-expr","locations":[{"start":{"line":215,"column":11},"end":{"line":215,"column":25}},{"start":{"line":216,"column":12},"end":{"line":222,"column":14}}],"line":215}},"s":{"0":0,"1":0,"2":0,"3":0,"4":0,"5":0,"6":0,"7":0,"8":0,"9":0,"10":0,"11":0,"12":0,"13":0,"14":0,"15":0,"16":0,"17":0,"18":0,"19":0,"20":0,"21":0,"22":0,"23":0,"24":0,"25":0,"26":0,"27":0,"28":0,"29":0,"30":0,"31":0,"32":0,"33":0,"34":0,"35":0,"36":0,"37":0,"38":0,"39":0,"40":0,"41":0,"42":0,"43":0,"44":0,"45":0,"46":0,"47":0,"48":0,"49":0,"50":0,"51":0,"52":0,"53":0,"54":0},"f":{"0":0,"1":0,"2":0,"3":0,"4":0,"5":0,"6":0,"7":0,"8":0,"9":0,"10":0,"11":0,"12":0,"13":0,"14":0,"15":0,"16":0,"17":0,"18":0,"19":0,"20":0,"21":0,"22":0,"23":0,"24":0},"b":{"0":[0,0],"1":[0,0],"2":[0,0],"3":[0,0],"4":[0,0]}}
,"C:\\JavaScript\\bootcamp2020\\appgobarber-final\\src\\pages\\Dashboard\\index.tsx": {"path":"C:\\JavaScript\\bootcamp2020\\appgobarber-final\\src\\pages\\Dashboard\\index.tsx","statementMap":{"0":{"start":{"line":32,"column":28},"end":{"line":99,"column":1}},"1":{"start":{"line":33,"column":36},"end":{"line":33,"column":60}},"2":{"start":{"line":35,"column":19},"end":{"line":35,"column":28}},"3":{"start":{"line":36,"column":23},"end":{"line":36,"column":38}},"4":{"start":{"line":38,"column":2},"end":{"line":42,"column":9}},"5":{"start":{"line":39,"column":4},"end":{"line":41,"column":7}},"6":{"start":{"line":40,"column":6},"end":{"line":40,"column":34}},"7":{"start":{"line":44,"column":28},"end":{"line":46,"column":16}},"8":{"start":{"line":45,"column":4},"end":{"line":45,"column":24}},"9":{"start":{"line":48,"column":38},"end":{"line":53,"column":3}},"10":{"start":{"line":50,"column":6},"end":{"line":50,"column":52}},"11":{"start":{"line":55,"column":2},"end":{"line":98,"column":4}},"12":{"start":{"line":71,"column":34},"end":{"line":71,"column":45}},"13":{"start":{"line":76,"column":10},"end":{"line":94,"column":30}},"14":{"start":{"line":77,"column":27},"end":{"line":77,"column":67}}},"fnMap":{"0":{"name":"(anonymous_0)","decl":{"start":{"line":32,"column":28},"end":{"line":32,"column":29}},"loc":{"start":{"line":32,"column":34},"end":{"line":99,"column":1}},"line":32},"1":{"name":"(anonymous_1)","decl":{"start":{"line":38,"column":12},"end":{"line":38,"column":13}},"loc":{"start":{"line":38,"column":18},"end":{"line":42,"column":3}},"line":38},"2":{"name":"(anonymous_2)","decl":{"start":{"line":39,"column":30},"end":{"line":39,"column":31}},"loc":{"start":{"line":39,"column":42},"end":{"line":41,"column":5}},"line":39},"3":{"name":"(anonymous_3)","decl":{"start":{"line":44,"column":40},"end":{"line":44,"column":41}},"loc":{"start":{"line":44,"column":46},"end":{"line":46,"column":3}},"line":44},"4":{"name":"(anonymous_4)","decl":{"start":{"line":49,"column":4},"end":{"line":49,"column":5}},"loc":{"start":{"line":49,"column":28},"end":{"line":51,"column":5}},"line":49},"5":{"name":"(anonymous_5)","decl":{"start":{"line":71,"column":22},"end":{"line":71,"column":23}},"loc":{"start":{"line":71,"column":34},"end":{"line":71,"column":45}},"line":71},"6":{"name":"(anonymous_6)","decl":{"start":{"line":75,"column":20},"end":{"line":75,"column":21}},"loc":{"start":{"line":76,"column":10},"end":{"line":94,"column":30}},"line":76},"7":{"name":"(anonymous_7)","decl":{"start":{"line":77,"column":21},"end":{"line":77,"column":22}},"loc":{"start":{"line":77,"column":27},"end":{"line":77,"column":67}},"line":77}},"branchMap":{},"s":{"0":0,"1":0,"2":0,"3":0,"4":0,"5":0,"6":0,"7":0,"8":0,"9":0,"10":0,"11":0,"12":0,"13":0,"14":0},"f":{"0":0,"1":0,"2":0,"3":0,"4":0,"5":0,"6":0,"7":0},"b":{}}
,"C:\\JavaScript\\bootcamp2020\\appgobarber-final\\src\\pages\\Profile\\index.tsx": {"path":"C:\\JavaScript\\bootcamp2020\\appgobarber-final\\src\\pages\\Profile\\index.tsx","statementMap":{"0":{"start":{"line":42,"column":25},"end":{"line":261,"column":1}},"1":{"start":{"line":43,"column":31},"end":{"line":43,"column":40}},"2":{"start":{"line":45,"column":18},"end":{"line":45,"column":43}},"3":{"start":{"line":46,"column":21},"end":{"line":46,"column":36}},"4":{"start":{"line":48,"column":24},"end":{"line":48,"column":47}},"5":{"start":{"line":49,"column":30},"end":{"line":49,"column":53}},"6":{"start":{"line":50,"column":27},"end":{"line":50,"column":50}},"7":{"start":{"line":51,"column":34},"end":{"line":51,"column":57}},"8":{"start":{"line":53,"column":23},"end":{"line":125,"column":3}},"9":{"start":{"line":55,"column":6},"end":{"line":122,"column":7}},"10":{"start":{"line":56,"column":8},"end":{"line":56,"column":39}},"11":{"start":{"line":58,"column":23},"end":{"line":76,"column":10}},"12":{"start":{"line":65,"column":23},"end":{"line":65,"column":35}},"13":{"start":{"line":71,"column":25},"end":{"line":71,"column":37}},"14":{"start":{"line":78,"column":8},"end":{"line":80,"column":11}},"15":{"start":{"line":88,"column":12},"end":{"line":88,"column":16}},"16":{"start":{"line":90,"column":25},"end":{"line":100,"column":9}},"17":{"start":{"line":102,"column":25},"end":{"line":102,"column":60}},"18":{"start":{"line":104,"column":8},"end":{"line":104,"column":34}},"19":{"start":{"line":106,"column":8},"end":{"line":106,"column":54}},"20":{"start":{"line":108,"column":8},"end":{"line":108,"column":28}},"21":{"start":{"line":110,"column":8},"end":{"line":116,"column":9}},"22":{"start":{"line":111,"column":25},"end":{"line":111,"column":49}},"23":{"start":{"line":113,"column":10},"end":{"line":113,"column":45}},"24":{"start":{"line":115,"column":10},"end":{"line":115,"column":17}},"25":{"start":{"line":118,"column":8},"end":{"line":121,"column":10}},"26":{"start":{"line":127,"column":29},"end":{"line":158,"column":27}},"27":{"start":{"line":128,"column":4},"end":{"line":157,"column":6}},"28":{"start":{"line":136,"column":8},"end":{"line":138,"column":9}},"29":{"start":{"line":137,"column":10},"end":{"line":137,"column":17}},"30":{"start":{"line":140,"column":8},"end":{"line":143,"column":9}},"31":{"start":{"line":141,"column":10},"end":{"line":141,"column":55}},"32":{"start":{"line":142,"column":10},"end":{"line":142,"column":17}},"33":{"start":{"line":145,"column":21},"end":{"line":145,"column":35}},"34":{"start":{"line":147,"column":8},"end":{"line":151,"column":11}},"35":{"start":{"line":153,"column":8},"end":{"line":155,"column":11}},"36":{"start":{"line":154,"column":10},"end":{"line":154,"column":39}},"37":{"start":{"line":160,"column":23},"end":{"line":162,"column":18}},"38":{"start":{"line":161,"column":4},"end":{"line":161,"column":24}},"39":{"start":{"line":164,"column":2},"end":{"line":260,"column":4}},"40":{"start":{"line":196,"column":18},"end":{"line":196,"column":49}},"41":{"start":{"line":210,"column":18},"end":{"line":210,"column":55}},"42":{"start":{"line":224,"column":18},"end":{"line":224,"column":52}},"43":{"start":{"line":237,"column":18},"end":{"line":237,"column":59}},"44":{"start":{"line":249,"column":39},"end":{"line":249,"column":68}},"45":{"start":{"line":252,"column":37},"end":{"line":252,"column":66}}},"fnMap":{"0":{"name":"(anonymous_0)","decl":{"start":{"line":42,"column":25},"end":{"line":42,"column":26}},"loc":{"start":{"line":42,"column":31},"end":{"line":261,"column":1}},"line":42},"1":{"name":"(anonymous_1)","decl":{"start":{"line":54,"column":4},"end":{"line":54,"column":5}},"loc":{"start":{"line":54,"column":37},"end":{"line":123,"column":5}},"line":54},"2":{"name":"(anonymous_2)","decl":{"start":{"line":65,"column":16},"end":{"line":65,"column":17}},"loc":{"start":{"line":65,"column":23},"end":{"line":65,"column":35}},"line":65},"3":{"name":"(anonymous_3)","decl":{"start":{"line":71,"column":18},"end":{"line":71,"column":19}},"loc":{"start":{"line":71,"column":25},"end":{"line":71,"column":37}},"line":71},"4":{"name":"(anonymous_4)","decl":{"start":{"line":127,"column":41},"end":{"line":127,"column":42}},"loc":{"start":{"line":127,"column":47},"end":{"line":158,"column":3}},"line":127},"5":{"name":"(anonymous_5)","decl":{"start":{"line":135,"column":6},"end":{"line":135,"column":7}},"loc":{"start":{"line":135,"column":18},"end":{"line":156,"column":7}},"line":135},"6":{"name":"(anonymous_6)","decl":{"start":{"line":153,"column":45},"end":{"line":153,"column":46}},"loc":{"start":{"line":153,"column":60},"end":{"line":155,"column":9}},"line":153},"7":{"name":"(anonymous_7)","decl":{"start":{"line":160,"column":35},"end":{"line":160,"column":36}},"loc":{"start":{"line":160,"column":41},"end":{"line":162,"column":3}},"line":160},"8":{"name":"(anonymous_8)","decl":{"start":{"line":195,"column":33},"end":{"line":195,"column":34}},"loc":{"start":{"line":195,"column":39},"end":{"line":197,"column":17}},"line":195},"9":{"name":"(anonymous_9)","decl":{"start":{"line":209,"column":33},"end":{"line":209,"column":34}},"loc":{"start":{"line":209,"column":39},"end":{"line":211,"column":17}},"line":209},"10":{"name":"(anonymous_10)","decl":{"start":{"line":223,"column":33},"end":{"line":223,"column":34}},"loc":{"start":{"line":223,"column":39},"end":{"line":225,"column":17}},"line":223},"11":{"name":"(anonymous_11)","decl":{"start":{"line":236,"column":33},"end":{"line":236,"column":34}},"loc":{"start":{"line":236,"column":39},"end":{"line":238,"column":17}},"line":236},"12":{"name":"(anonymous_12)","decl":{"start":{"line":249,"column":33},"end":{"line":249,"column":34}},"loc":{"start":{"line":249,"column":39},"end":{"line":249,"column":68}},"line":249},"13":{"name":"(anonymous_13)","decl":{"start":{"line":252,"column":31},"end":{"line":252,"column":32}},"loc":{"start":{"line":252,"column":37},"end":{"line":252,"column":66}},"line":252}},"branchMap":{"0":{"loc":{"start":{"line":93,"column":14},"end":{"line":99,"column":16}},"type":"cond-expr","locations":[{"start":{"line":94,"column":14},"end":{"line":98,"column":15}},{"start":{"line":99,"column":14},"end":{"line":99,"column":16}}],"line":93},"1":{"loc":{"start":{"line":110,"column":8},"end":{"line":116,"column":9}},"type":"if","locations":[{"start":{"line":110,"column":8},"end":{"line":116,"column":9}},{"start":{"line":110,"column":8},"end":{"line":116,"column":9}}],"line":110},"2":{"loc":{"start":{"line":136,"column":8},"end":{"line":138,"column":9}},"type":"if","locations":[{"start":{"line":136,"column":8},"end":{"line":138,"column":9}},{"start":{"line":136,"column":8},"end":{"line":138,"column":9}}],"line":136},"3":{"loc":{"start":{"line":140,"column":8},"end":{"line":143,"column":9}},"type":"if","locations":[{"start":{"line":140,"column":8},"end":{"line":143,"column":9}},{"start":{"line":140,"column":8},"end":{"line":143,"column":9}}],"line":140},"4":{"loc":{"start":{"line":168,"column":18},"end":{"line":168,"column":63}},"type":"cond-expr","locations":[{"start":{"line":168,"column":42},"end":{"line":168,"column":51}},{"start":{"line":168,"column":54},"end":{"line":168,"column":63}}],"line":168}},"s":{"0":0,"1":0,"2":0,"3":0,"4":0,"5":0,"6":0,"7":0,"8":0,"9":0,"10":0,"11":0,"12":0,"13":0,"14":0,"15":0,"16":0,"17":0,"18":0,"19":0,"20":0,"21":0,"22":0,"23":0,"24":0,"25":0,"26":0,"27":0,"28":0,"29":0,"30":0,"31":0,"32":0,"33":0,"34":0,"35":0,"36":0,"37":0,"38":0,"39":0,"40":0,"41":0,"42":0,"43":0,"44":0,"45":0},"f":{"0":0,"1":0,"2":0,"3":0,"4":0,"5":0,"6":0,"7":0,"8":0,"9":0,"10":0,"11":0,"12":0,"13":0},"b":{"0":[0,0],"1":[0,0],"2":[0,0],"3":[0,0],"4":[0,0]}}
,"C:\\JavaScript\\bootcamp2020\\appgobarber-final\\src\\pages\\SignIn\\index.tsx": {"path":"C:\\JavaScript\\bootcamp2020\\appgobarber-final\\src\\pages\\SignIn\\index.tsx","statementMap":{"0":{"start":{"line":41,"column":25},"end":{"line":152,"column":1}},"1":{"start":{"line":42,"column":18},"end":{"line":42,"column":43}},"2":{"start":{"line":43,"column":27},"end":{"line":43,"column":50}},"3":{"start":{"line":45,"column":21},"end":{"line":45,"column":36}},"4":{"start":{"line":47,"column":21},"end":{"line":47,"column":30}},"5":{"start":{"line":49,"column":23},"end":{"line":84,"column":3}},"6":{"start":{"line":51,"column":6},"end":{"line":81,"column":7}},"7":{"start":{"line":52,"column":8},"end":{"line":52,"column":39}},"8":{"start":{"line":54,"column":23},"end":{"line":59,"column":10}},"9":{"start":{"line":61,"column":8},"end":{"line":63,"column":11}},"10":{"start":{"line":64,"column":8},"end":{"line":67,"column":11}},"11":{"start":{"line":69,"column":8},"end":{"line":75,"column":9}},"12":{"start":{"line":70,"column":25},"end":{"line":70,"column":49}},"13":{"start":{"line":72,"column":10},"end":{"line":72,"column":45}},"14":{"start":{"line":74,"column":10},"end":{"line":74,"column":17}},"15":{"start":{"line":77,"column":8},"end":{"line":80,"column":10}},"16":{"start":{"line":86,"column":2},"end":{"line":151,"column":4}},"17":{"start":{"line":114,"column":18},"end":{"line":114,"column":52}},"18":{"start":{"line":126,"column":18},"end":{"line":126,"column":48}},"19":{"start":{"line":132,"column":18},"end":{"line":132,"column":48}},"20":{"start":{"line":146,"column":42},"end":{"line":146,"column":71}}},"fnMap":{"0":{"name":"(anonymous_0)","decl":{"start":{"line":41,"column":25},"end":{"line":41,"column":26}},"loc":{"start":{"line":41,"column":31},"end":{"line":152,"column":1}},"line":41},"1":{"name":"(anonymous_1)","decl":{"start":{"line":50,"column":4},"end":{"line":50,"column":5}},"loc":{"start":{"line":50,"column":36},"end":{"line":82,"column":5}},"line":50},"2":{"name":"(anonymous_2)","decl":{"start":{"line":113,"column":33},"end":{"line":113,"column":34}},"loc":{"start":{"line":113,"column":39},"end":{"line":115,"column":17}},"line":113},"3":{"name":"(anonymous_3)","decl":{"start":{"line":125,"column":33},"end":{"line":125,"column":34}},"loc":{"start":{"line":125,"column":39},"end":{"line":127,"column":17}},"line":125},"4":{"name":"(anonymous_4)","decl":{"start":{"line":131,"column":25},"end":{"line":131,"column":26}},"loc":{"start":{"line":131,"column":31},"end":{"line":133,"column":17}},"line":131},"5":{"name":"(anonymous_5)","decl":{"start":{"line":139,"column":37},"end":{"line":139,"column":38}},"loc":{"start":{"line":139,"column":43},"end":{"line":139,"column":45}},"line":139},"6":{"name":"(anonymous_6)","decl":{"start":{"line":146,"column":36},"end":{"line":146,"column":37}},"loc":{"start":{"line":146,"column":42},"end":{"line":146,"column":71}},"line":146}},"branchMap":{"0":{"loc":{"start":{"line":69,"column":8},"end":{"line":75,"column":9}},"type":"if","locations":[{"start":{"line":69,"column":8},"end":{"line":75,"column":9}},{"start":{"line":69,"column":8},"end":{"line":75,"column":9}}],"line":69},"1":{"loc":{"start":{"line":90,"column":18},"end":{"line":90,"column":63}},"type":"cond-expr","locations":[{"start":{"line":90,"column":42},"end":{"line":90,"column":51}},{"start":{"line":90,"column":54},"end":{"line":90,"column":63}}],"line":90}},"s":{"0":1,"1":1,"2":1,"3":1,"4":1,"5":1,"6":0,"7":0,"8":0,"9":0,"10":0,"11":0,"12":0,"13":0,"14":0,"15":0,"16":1,"17":0,"18":0,"19":0,"20":0},"f":{"0":1,"1":0,"2":0,"3":0,"4":0,"5":0,"6":0},"b":{"0":[0,0],"1":[1,0]},"_coverageSchema":"1a1c01bbd47fc00a2c39e90264f33305004495a9","hash":"7f00d5eae3cf21069cc088705579deb2e9a20c5c"}
,"C:\\JavaScript\\bootcamp2020\\appgobarber-final\\src\\pages\\SignUp\\index.tsx": {"path":"C:\\JavaScript\\bootcamp2020\\appgobarber-final\\src\\pages\\SignUp\\index.tsx","statementMap":{"0":{"start":{"line":35,"column":25},"end":{"line":154,"column":1}},"1":{"start":{"line":36,"column":18},"end":{"line":36,"column":43}},"2":{"start":{"line":37,"column":21},"end":{"line":37,"column":36}},"3":{"start":{"line":39,"column":24},"end":{"line":39,"column":47}},"4":{"start":{"line":40,"column":27},"end":{"line":40,"column":50}},"5":{"start":{"line":42,"column":23},"end":{"line":83,"column":3}},"6":{"start":{"line":44,"column":6},"end":{"line":80,"column":7}},"7":{"start":{"line":45,"column":8},"end":{"line":45,"column":39}},"8":{"start":{"line":47,"column":23},"end":{"line":53,"column":10}},"9":{"start":{"line":55,"column":8},"end":{"line":57,"column":11}},"10":{"start":{"line":59,"column":8},"end":{"line":59,"column":39}},"11":{"start":{"line":61,"column":8},"end":{"line":64,"column":10}},"12":{"start":{"line":66,"column":8},"end":{"line":66,"column":28}},"13":{"start":{"line":68,"column":8},"end":{"line":74,"column":9}},"14":{"start":{"line":69,"column":25},"end":{"line":69,"column":49}},"15":{"start":{"line":71,"column":10},"end":{"line":71,"column":45}},"16":{"start":{"line":73,"column":10},"end":{"line":73,"column":17}},"17":{"start":{"line":76,"column":8},"end":{"line":79,"column":10}},"18":{"start":{"line":85,"column":2},"end":{"line":153,"column":4}},"19":{"start":{"line":111,"column":18},"end":{"line":111,"column":49}},"20":{"start":{"line":125,"column":18},"end":{"line":125,"column":52}},"21":{"start":{"line":137,"column":39},"end":{"line":137,"column":68}},"22":{"start":{"line":140,"column":37},"end":{"line":140,"column":66}},"23":{"start":{"line":148,"column":35},"end":{"line":148,"column":54}}},"fnMap":{"0":{"name":"(anonymous_0)","decl":{"start":{"line":35,"column":25},"end":{"line":35,"column":26}},"loc":{"start":{"line":35,"column":31},"end":{"line":154,"column":1}},"line":35},"1":{"name":"(anonymous_1)","decl":{"start":{"line":43,"column":4},"end":{"line":43,"column":5}},"loc":{"start":{"line":43,"column":36},"end":{"line":81,"column":5}},"line":43},"2":{"name":"(anonymous_2)","decl":{"start":{"line":110,"column":33},"end":{"line":110,"column":34}},"loc":{"start":{"line":110,"column":39},"end":{"line":112,"column":17}},"line":110},"3":{"name":"(anonymous_3)","decl":{"start":{"line":124,"column":33},"end":{"line":124,"column":34}},"loc":{"start":{"line":124,"column":39},"end":{"line":126,"column":17}},"line":124},"4":{"name":"(anonymous_4)","decl":{"start":{"line":137,"column":33},"end":{"line":137,"column":34}},"loc":{"start":{"line":137,"column":39},"end":{"line":137,"column":68}},"line":137},"5":{"name":"(anonymous_5)","decl":{"start":{"line":140,"column":31},"end":{"line":140,"column":32}},"loc":{"start":{"line":140,"column":37},"end":{"line":140,"column":66}},"line":140},"6":{"name":"(anonymous_6)","decl":{"start":{"line":148,"column":29},"end":{"line":148,"column":30}},"loc":{"start":{"line":148,"column":35},"end":{"line":148,"column":54}},"line":148}},"branchMap":{"0":{"loc":{"start":{"line":68,"column":8},"end":{"line":74,"column":9}},"type":"if","locations":[{"start":{"line":68,"column":8},"end":{"line":74,"column":9}},{"start":{"line":68,"column":8},"end":{"line":74,"column":9}}],"line":68},"1":{"loc":{"start":{"line":89,"column":18},"end":{"line":89,"column":63}},"type":"cond-expr","locations":[{"start":{"line":89,"column":42},"end":{"line":89,"column":51}},{"start":{"line":89,"column":54},"end":{"line":89,"column":63}}],"line":89}},"s":{"0":0,"1":0,"2":0,"3":0,"4":0,"5":0,"6":0,"7":0,"8":0,"9":0,"10":0,"11":0,"12":0,"13":0,"14":0,"15":0,"16":0,"17":0,"18":0,"19":0,"20":0,"21":0,"22":0,"23":0},"f":{"0":0,"1":0,"2":0,"3":0,"4":0,"5":0,"6":0},"b":{"0":[0,0],"1":[0,0]}}
}
